<?xml version="1.0" encoding="UTF-8"?>
<testsuite name="com.gestaoclick.mcp.GestaoClickMcpApplicationTests" tests="1" skipped="0" failures="0" errors="0" timestamp="2026-04-02T21:09:29.797Z" hostname="PCZAO" time="2.35">
  <properties/>
  <testcase name="contextLoads()" classname="com.gestaoclick.mcp.GestaoClickMcpApplicationTests" time="0.426"/>
  <system-out><![CDATA[18:09:29.917 [Test worker] INFO org.springframework.test.context.support.AnnotationConfigContextLoaderUtils -- Could not detect default configuration classes for test class [com.gestaoclick.mcp.GestaoClickMcpApplicationTests]: GestaoClickMcpApplicationTests does not declare any static, non-private, non-final, nested classes annotated with @Configuration.
18:09:30.025 [Test worker] INFO org.springframework.boot.test.context.SpringBootTestContextBootstrapper -- Found @SpringBootConfiguration com.gestaoclick.mcp.GestaoClickMcpApplication for test class com.gestaoclick.mcp.GestaoClickMcpApplicationTests
18:09:30.096 [Test worker] INFO org.springframework.test.context.support.AnnotationConfigContextLoaderUtils -- Could not detect default configuration classes for test class [com.gestaoclick.mcp.GestaoClickMcpApplicationTests]: GestaoClickMcpApplicationTests does not declare any static, non-private, non-final, nested classes annotated with @Configuration.
18:09:30.099 [Test worker] INFO org.springframework.boot.test.context.SpringBootTestContextBootstrapper -- Found @SpringBootConfiguration com.gestaoclick.mcp.GestaoClickMcpApplication for test class com.gestaoclick.mcp.GestaoClickMcpApplicationTests

  .   ____          _            __ _ _
 /\\ / ___'_ __ _ _(_)_ __  __ _ \ \ \ \
( ( )\___ | '_ | '_| | '_ \/ _` | \ \ \ \
 \\/  ___)| |_)| | | | | || (_| |  ) ) ) )
  '  |____| .__|_| |_|_| |_\__, | / / / /
 =========|_|==============|___/=/_/_/_/

 :: Spring Boot ::                (v4.0.5)

2026-04-02T18:09:30.367-03:00  INFO 32344 --- [gestaoclick-mcp] [    Test worker] c.g.mcp.GestaoClickMcpApplicationTests   : Starting GestaoClickMcpApplicationTests using Java 25.0.1 with PID 32344 (started by pedro in C:\development\projects\gestaoclick-mcp\backend)
2026-04-02T18:09:30.368-03:00  INFO 32344 --- [gestaoclick-mcp] [    Test worker] c.g.mcp.GestaoClickMcpApplicationTests   : No active profile set, falling back to 1 default profile: "default"
2026-04-02T18:09:31.620-03:00  INFO 32344 --- [gestaoclick-mcp] [    Test worker] o.s.b.a.e.web.EndpointLinksResolver      : Exposing 1 endpoint beneath base path '/actuator'
2026-04-02T18:09:31.656-03:00  INFO 32344 --- [gestaoclick-mcp] [    Test worker] c.g.mcp.GestaoClickMcpApplicationTests   : Started GestaoClickMcpApplicationTests in 1.516 seconds (process running for 2.566)
]]></system-out>
  <system-err><![CDATA[Mockito is currently self-attaching to enable the inline-mock-maker. This will no longer work in future releases of the JDK. Please add Mockito as an agent to your build as described in Mockito's documentation: https://javadoc.io/doc/org.mockito/mockito-core/latest/org.mockito/org/mockito/Mockito.html#0.3
WARNING: A Java agent has been loaded dynamically (C:\Users\pedro\.gradle\caches\modules-2\files-2.1\net.bytebuddy\byte-buddy-agent\1.17.8\f09415827a71be7ed621c7bd02550678f28bc81c\byte-buddy-agent-1.17.8.jar)
WARNING: If a serviceability tool is in use, please run with -XX:+EnableDynamicAgentLoading to hide this warning
WARNING: If a serviceability tool is not in use, please run with -Djdk.instrument.traceUsage for more information
WARNING: Dynamic loading of agents will be disallowed by default in a future release
]]></system-err>
</testsuite>
